<?xml version="1.0" encoding="UTF-8"?>
<!-- Generated by org.testng.reporters.JUnitReportReporter -->
<testsuite hostname="Sai" failures="0" tests="1" name="com.interbanking.testCases.TC_LoginTest_001" time="5.059" errors="0" timestamp="2023-03-17T10:50:11 IST" skipped="0">
  <testcase classname="com.interbanking.testCases.TC_LoginTest_001" name="loginTest" time="5.059"/>
  <system-out/>
</testsuite> <!-- com.interbanking.testCases.TC_LoginTest_001 -->
