<?xml version="1.0" encoding="UTF-8"?>
<!-- Generated by org.testng.reporters.JUnitReportReporter -->
<testsuite hostname="Sai" failures="0" tests="1" name="com.interbanking.testCases.TC_AddCustomerTest_003" time="39.938" errors="0" timestamp="2023-03-17T11:35:00 IST" skipped="0">
  <testcase classname="com.interbanking.testCases.TC_AddCustomerTest_003" name="addNewCustomer" time="39.938"/>
  <system-out/>
</testsuite> <!-- com.interbanking.testCases.TC_AddCustomerTest_003 -->
